<?xml version="1.0" encoding="UTF-8"?>
<testsuite xmlns:xsi="http://www.w3.org/2001/XMLSchema-instance" xsi:noNamespaceSchemaLocation="https://maven.apache.org/surefire/maven-surefire-plugin/xsd/surefire-test-report.xsd" version="3.0.2" name="com.it342.sleepsync.SleepsyncApplicationTests" time="18.284" tests="1" errors="0" skipped="0" failures="0">
  <properties>
[...]
</properties>
  <testcase name="contextLoads" classname="com.it342.sleepsync.SleepsyncApplicationTests" time="0.668">
    <system-out><![CDATA[00:56:19.625 [main] INFO org.springframework.test.context.support.AnnotationConfigContextLoaderUtils -- Could not detect default configuration classes for test class [com.it342.sleepsync.SleepsyncApplicationTests]: SleepsyncApplicationTests does not declare any static, non-private, non-final, nested classes annotated with @Configuration.
00:56:19.844 [main] INFO org.springframework.boot.test.context.SpringBootTestContextBootstrapper -- Found @SpringBootConfiguration com.it342.sleepsync.SleepsyncApplication for test class com.it342.sleepsync.SleepsyncApplicationTests
00:56:20.132 [main] INFO org.springframework.boot.devtools.restart.RestartApplicationListener -- Restart disabled due to context in which it is running

  .   ____          _            __ _ _
 /\\ / ___'_ __ _ _(_)_ __  __ _ \ \ \ \
( ( )\___ | '_ | '_| | '_ \/ _` | \ \ \ \
 \\/  ___)| |_)| | | | | || (_| |  ) ) ) )
  '  |____| .__|_| |_|_| |_\__, | / / / /
 =========|_|==============|___/=/_/_/_/

 :: Spring Boot ::                (v3.4.4)

2025-04-24T00:56:20.567+08:00  INFO 8312 --- [sleepsync] [           main] c.i.sleepsync.SleepsyncApplicationTests  : Starting SleepsyncApplicationTests using Java 21.0.4 with PID 8312 (started by Michael Yong in C:\Users\Michael Yong\Desktop\deploy\IT342_SleepSync)
2025-04-24T00:56:20.570+08:00  INFO 8312 --- [sleepsync] [           main] c.i.sleepsync.SleepsyncApplicationTests  : No active profile set, falling back to 1 default profile: "default"
2025-04-24T00:56:21.614+08:00  INFO 8312 --- [sleepsync] [           main] .s.d.r.c.RepositoryConfigurationDelegate : Bootstrapping Spring Data JPA repositories in DEFAULT mode.
2025-04-24T00:56:21.722+08:00  INFO 8312 --- [sleepsync] [           main] .s.d.r.c.RepositoryConfigurationDelegate : Finished Spring Data repository scanning in 97 ms. Found 6 JPA repository interfaces.
2025-04-24T00:56:22.542+08:00  INFO 8312 --- [sleepsync] [           main] o.hibernate.jpa.internal.util.LogHelper  : HHH000204: Processing PersistenceUnitInfo [name: default]
2025-04-24T00:56:22.683+08:00  INFO 8312 --- [sleepsync] [           main] org.hibernate.Version                    : HHH000412: Hibernate ORM core version 6.6.11.Final
2025-04-24T00:56:22.758+08:00  INFO 8312 --- [sleepsync] [           main] o.h.c.internal.RegionFactoryInitiator    : HHH000026: Second-level cache disabled
2025-04-24T00:56:23.318+08:00  INFO 8312 --- [sleepsync] [           main] o.s.o.j.p.SpringPersistenceUnitInfo      : No LoadTimeWeaver setup: ignoring JPA class transformer
2025-04-24T00:56:23.392+08:00  INFO 8312 --- [sleepsync] [           main] com.zaxxer.hikari.HikariDataSource       : HikariPool-1 - Starting...
2025-04-24T00:56:26.767+08:00  INFO 8312 --- [sleepsync] [           main] com.zaxxer.hikari.pool.HikariPool        : HikariPool-1 - Added connection org.postgresql.jdbc.PgConnection@56f9de3b
2025-04-24T00:56:26.767+08:00  INFO 8312 --- [sleepsync] [           main] com.zaxxer.hikari.HikariDataSource       : HikariPool-1 - Start completed.
2025-04-24T00:56:27.810+08:00  INFO 8312 --- [sleepsync] [           main] org.hibernate.orm.connections.pooling    : HHH10001005: Database info:
	Database JDBC URL [Connecting through datasource 'HikariDataSource (HikariPool-1)']
	Database driver: undefined/unknown
	Database version: 17.4
	Autocommit mode: undefined/unknown
	Isolation level: undefined/unknown
	Minimum pool size: undefined/unknown
	Maximum pool size: undefined/unknown
2025-04-24T00:56:29.275+08:00  INFO 8312 --- [sleepsync] [           main] o.h.e.t.j.p.i.JtaPlatformInitiator       : HHH000489: No JTA platform available (set 'hibernate.transaction.jta.platform' to enable JTA platform integration)
Hibernate: set client_min_messages = WARNING
Hibernate: alter table if exists relaxation_routine drop constraint if exists FKot2dlt6n5vy6wa75sdwg8b15m
Hibernate: alter table if exists sleep_schedule drop constraint if exists FK4lkh6uwddrtv01umn77duiyfx
Hibernate: alter table if exists sleep_track drop constraint if exists FKnr6tgakfwpyy6tx40my95gph8
Hibernate: drop table if exists progress_tracking cascade
Hibernate: drop table if exists relaxation_routine cascade
Hibernate: drop table if exists sleep_schedule cascade
Hibernate: drop table if exists sleep_track cascade
Hibernate: drop table if exists smart_alarm cascade
Hibernate: drop table if exists "user" cascade
Hibernate: create table progress_tracking (date date, progress_value float(53), progress_id bigint generated by default as identity, goal varchar(255), primary key (progress_id))
Hibernate: create table relaxation_routine (routine_start_time time(6), routineid bigint generated by default as identity, user_id bigint not null, routine_type varchar(255), primary key (routineid))
Hibernate: create table sleep_schedule (is_active boolean not null, is_staff boolean not null, preferred_wake_time time(6), sleep_time time(6), wake_time time(6), id bigint generated by default as identity, user_id bigint not null, sleep_goals varchar(255), primary key (id))
Hibernate: create table sleep_track (date date, schedule_id integer, sleep_duration float(53), tracking_id bigint generated by default as identity, userid bigint not null, sleep_time varchar(255), tasks TEXT, wake_time varchar(255), primary key (tracking_id))
Hibernate: create table smart_alarm (alarm_time time(6), alarmid bigint generated by default as identity, primary key (alarmid))
Hibernate: create table "user" (userid bigint generated by default as identity, email varchar(255) not null unique, first_name varchar(255), last_name varchar(255), password varchar(255) not null, primary key (userid))
Hibernate: alter table if exists relaxation_routine add constraint FKot2dlt6n5vy6wa75sdwg8b15m foreign key (user_id) references "user"
Hibernate: alter table if exists sleep_schedule add constraint FK4lkh6uwddrtv01umn77duiyfx foreign key (user_id) references "user"
Hibernate: alter table if exists sleep_track add constraint FKnr6tgakfwpyy6tx40my95gph8 foreign key (userid) references "user"
2025-04-24T00:56:34.139+08:00  INFO 8312 --- [sleepsync] [           main] j.LocalContainerEntityManagerFactoryBean : Initialized JPA EntityManagerFactory for persistence unit 'default'
2025-04-24T00:56:34.689+08:00  INFO 8312 --- [sleepsync] [           main] o.s.d.j.r.query.QueryEnhancerFactory     : Hibernate is in classpath; If applicable, HQL parser will be used.
2025-04-24T00:56:36.999+08:00  INFO 8312 --- [sleepsync] [           main] c.i.sleepsync.SleepsyncApplicationTests  : Started SleepsyncApplicationTests in 16.897 seconds (process running for 18.358)
]]></system-out>
    <system-err><![CDATA[Mockito is currently self-attaching to enable the inline-mock-maker. This will no longer work in future releases of the JDK. Please add Mockito as an agent to your build what is described in Mockito's documentation: https://javadoc.io/doc/org.mockito/mockito-core/latest/org/mockito/Mockito.html#0.3
WARNING: A Java agent has been loaded dynamically (C:\Users\Michael Yong\.m2\repository\net\bytebuddy\byte-buddy-agent\1.15.11\byte-buddy-agent-1.15.11.jar)
WARNING: If a serviceability tool is in use, please run with -XX:+EnableDynamicAgentLoading to hide this warning
WARNING: If a serviceability tool is not in use, please run with -Djdk.instrument.traceUsage for more information
WARNING: Dynamic loading of agents will be disallowed by default in a future release
]]></system-err>
  </testcase>
</testsuite>